<?xml version="1.0" encoding="UTF-8"?>
<!-- Generated by org.testng.reporters.JUnitReportReporter -->
<testsuite hostname="DESKTOP-I3BGM4H" failures="0" tests="1" name="opencart.com.testcases.TC_004_AccountRegistrationTest" time="22.261" errors="0" timestamp="2024-01-21T15:46:32 IST" skipped="0">
  <testcase classname="opencart.com.testcases.TC_004_AccountRegistrationTest" name="verify_account_registration" time="22.261"/>
  <system-out/>
</testsuite> <!-- opencart.com.testcases.TC_004_AccountRegistrationTest -->
