<?xml version="1.0" encoding="UTF-8"?>
<!-- Generated by org.testng.reporters.JUnitReportReporter -->
<testsuite hostname="DESKTOP-I3BGM4H" failures="0" tests="3" name="opencart.com.testcases.IndexPageTest" time="20.433" errors="0" timestamp="2024-01-09T00:23:42 IST" skipped="0">
  <testcase classname="opencart.com.testcases.IndexPageTest" name="validatelogoTest" time="6.734"/>
  <system-out/>
  <testcase classname="opencart.com.testcases.IndexPageTest" name="validateIndexElementPresent" time="7.629"/>
  <system-out/>
  <testcase classname="opencart.com.testcases.IndexPageTest" name="validateIndexElementsListTest" time="6.070"/>
  <system-out/>
</testsuite> <!-- opencart.com.testcases.IndexPageTest -->
