<?xml version="1.0" encoding="UTF-8"?>
<!-- Generated by org.testng.reporters.JUnitReportReporter -->
<testsuite hostname="DESKTOP-I3BGM4H" failures="0" tests="1" name="opencart.com.testcases.TC_001_AccountRegistrationTest" time="14.916" errors="0" timestamp="2024-01-15T18:48:15 IST" skipped="0">
  <testcase classname="opencart.com.testcases.TC_001_AccountRegistrationTest" name="verify_account_registration" time="14.916"/>
  <system-out/>
</testsuite> <!-- opencart.com.testcases.TC_001_AccountRegistrationTest -->
