<?xml version="1.0" encoding="UTF-8"?>
<!-- Generated by org.testng.reporters.JUnitReportReporter -->
<testsuite hostname="DESKTOP-I3BGM4H" failures="0" tests="3" name="opencart.com.testcases.TC_001_IndexPageTest" time="33.400" errors="0" timestamp="2024-01-21T14:32:22 IST" skipped="0">
  <testcase classname="opencart.com.testcases.TC_001_IndexPageTest" name="validatelogoTest" time="7.934"/>
  <system-out/>
  <testcase classname="opencart.com.testcases.TC_001_IndexPageTest" name="validateIndexElementPresent" time="9.273"/>
  <system-out/>
  <testcase classname="opencart.com.testcases.TC_001_IndexPageTest" name="validateIndexElementsListTest" time="16.193"/>
  <system-out/>
</testsuite> <!-- opencart.com.testcases.TC_001_IndexPageTest -->
