<?xml version="1.0" encoding="UTF-8"?>
<!-- Generated by org.testng.reporters.JUnitReportReporter -->
<testsuite hostname="DESKTOP-I3BGM4H" failures="0" tests="2" name="opencart.com.testcases.TC_002_LoginTest" time="55.203" errors="0" timestamp="2024-01-21T00:07:35 IST" skipped="0">
  <testcase classname="opencart.com.testcases.TC_002_LoginTest" name="verify_login" time="34.605"/>
  <system-out/>
  <testcase classname="opencart.com.testcases.TC_002_LoginTest" name="verify_login" time="20.598"/>
  <system-out/>
</testsuite> <!-- opencart.com.testcases.TC_002_LoginTest -->
